mode: set
github.com/231tr0n/vault/config/config.go:8.38,10.2 1 1
github.com/231tr0n/vault/pkg/errorwrap/errorwrap.go:9.31,10.16 1 1
github.com/231tr0n/vault/pkg/errorwrap/errorwrap.go:10.16,12.9 2 1
github.com/231tr0n/vault/pkg/errorwrap/errorwrap.go:12.9,15.4 2 1
github.com/231tr0n/vault/pkg/errorwrap/errorwrap.go:16.3,16.13 1 0
github.com/231tr0n/vault/pkg/errorwrap/errorwrap.go:18.2,18.12 1 0
github.com/231tr0n/vault/pkg/crypto/crypto.go:24.43,25.31 1 1
github.com/231tr0n/vault/pkg/crypto/crypto.go:25.31,27.29 2 1
github.com/231tr0n/vault/pkg/crypto/crypto.go:27.29,29.4 1 1
github.com/231tr0n/vault/pkg/crypto/crypto.go:32.2,33.16 2 1
github.com/231tr0n/vault/pkg/crypto/crypto.go:33.16,35.3 1 0
github.com/231tr0n/vault/pkg/crypto/crypto.go:37.2,38.16 2 1
github.com/231tr0n/vault/pkg/crypto/crypto.go:38.16,40.3 1 0
github.com/231tr0n/vault/pkg/crypto/crypto.go:42.2,44.58 2 1
github.com/231tr0n/vault/pkg/crypto/crypto.go:44.58,46.3 1 0
github.com/231tr0n/vault/pkg/crypto/crypto.go:48.2,48.72 1 1
github.com/231tr0n/vault/pkg/crypto/crypto.go:52.43,54.16 2 1
github.com/231tr0n/vault/pkg/crypto/crypto.go:54.16,56.3 1 0
github.com/231tr0n/vault/pkg/crypto/crypto.go:58.2,58.31 1 1
github.com/231tr0n/vault/pkg/crypto/crypto.go:58.31,60.29 2 1
github.com/231tr0n/vault/pkg/crypto/crypto.go:60.29,62.4 1 1
github.com/231tr0n/vault/pkg/crypto/crypto.go:65.2,66.16 2 1
github.com/231tr0n/vault/pkg/crypto/crypto.go:66.16,68.3 1 0
github.com/231tr0n/vault/pkg/crypto/crypto.go:70.2,71.16 2 1
github.com/231tr0n/vault/pkg/crypto/crypto.go:71.16,73.3 1 0
github.com/231tr0n/vault/pkg/crypto/crypto.go:75.2,79.16 4 1
github.com/231tr0n/vault/pkg/crypto/crypto.go:79.16,81.3 1 0
github.com/231tr0n/vault/pkg/crypto/crypto.go:83.2,83.17 1 1
github.com/231tr0n/vault/pkg/crypto/crypto.go:87.47,90.31 3 1
github.com/231tr0n/vault/pkg/crypto/crypto.go:90.31,92.3 1 0
github.com/231tr0n/vault/pkg/crypto/crypto.go:94.2,94.53 1 1
github.com/231tr0n/vault/pkg/crypto/crypto.go:98.40,101.31 3 1
github.com/231tr0n/vault/pkg/crypto/crypto.go:101.31,103.3 1 0
github.com/231tr0n/vault/pkg/crypto/crypto.go:105.2,105.53 1 1
github.com/231tr0n/vault/pkg/crypto/crypto.go:109.31,111.2 1 1
github.com/231tr0n/vault/pkg/crypto/crypto.go:115.35,117.2 1 1
github.com/231tr0n/vault/pkg/crypto/crypto.go:121.38,123.44 2 1
github.com/231tr0n/vault/pkg/crypto/crypto.go:123.44,125.3 1 0
github.com/231tr0n/vault/pkg/crypto/crypto.go:127.2,127.66 1 1
github.com/231tr0n/vault/pkg/passwdstore/passwdstore.go:31.27,32.24 1 1
github.com/231tr0n/vault/pkg/passwdstore/passwdstore.go:32.24,34.3 1 0
github.com/231tr0n/vault/pkg/passwdstore/passwdstore.go:36.2,36.41 1 1
github.com/231tr0n/vault/pkg/passwdstore/passwdstore.go:36.41,37.20 1 1
github.com/231tr0n/vault/pkg/passwdstore/passwdstore.go:37.20,40.4 2 1
github.com/231tr0n/vault/pkg/passwdstore/passwdstore.go:43.2,44.16 2 1
github.com/231tr0n/vault/pkg/passwdstore/passwdstore.go:44.16,46.3 1 0
github.com/231tr0n/vault/pkg/passwdstore/passwdstore.go:48.2,49.16 2 1
github.com/231tr0n/vault/pkg/passwdstore/passwdstore.go:49.16,51.3 1 0
github.com/231tr0n/vault/pkg/passwdstore/passwdstore.go:53.2,55.12 2 1
github.com/231tr0n/vault/pkg/passwdstore/passwdstore.go:59.53,61.16 2 1
github.com/231tr0n/vault/pkg/passwdstore/passwdstore.go:61.16,66.3 1 0
github.com/231tr0n/vault/pkg/passwdstore/passwdstore.go:68.2,69.16 2 1
github.com/231tr0n/vault/pkg/passwdstore/passwdstore.go:69.16,74.3 1 0
github.com/231tr0n/vault/pkg/passwdstore/passwdstore.go:76.2,76.20 1 1
github.com/231tr0n/vault/pkg/passwdstore/passwdstore.go:76.20,81.3 1 1
github.com/231tr0n/vault/pkg/passwdstore/passwdstore.go:83.2,84.34 2 1
github.com/231tr0n/vault/pkg/passwdstore/passwdstore.go:84.34,89.3 1 0
github.com/231tr0n/vault/pkg/passwdstore/passwdstore.go:91.2,92.16 2 1
github.com/231tr0n/vault/pkg/passwdstore/passwdstore.go:92.16,97.3 1 0
github.com/231tr0n/vault/pkg/passwdstore/passwdstore.go:99.2,99.33 1 1
github.com/231tr0n/vault/pkg/passwdstore/passwdstore.go:99.33,104.3 1 0
github.com/231tr0n/vault/pkg/passwdstore/passwdstore.go:106.2,107.16 2 1
github.com/231tr0n/vault/pkg/passwdstore/passwdstore.go:107.16,112.3 1 0
github.com/231tr0n/vault/pkg/passwdstore/passwdstore.go:114.2,119.16 3 1
github.com/231tr0n/vault/pkg/passwdstore/passwdstore.go:119.16,124.3 1 0
github.com/231tr0n/vault/pkg/passwdstore/passwdstore.go:126.2,126.19 1 1
github.com/231tr0n/vault/pkg/passwdstore/passwdstore.go:130.57,133.16 3 1
github.com/231tr0n/vault/pkg/passwdstore/passwdstore.go:133.16,135.3 1 0
github.com/231tr0n/vault/pkg/passwdstore/passwdstore.go:137.2,138.16 2 1
github.com/231tr0n/vault/pkg/passwdstore/passwdstore.go:138.16,140.3 1 0
github.com/231tr0n/vault/pkg/passwdstore/passwdstore.go:142.2,143.16 2 1
github.com/231tr0n/vault/pkg/passwdstore/passwdstore.go:143.16,145.3 1 0
github.com/231tr0n/vault/pkg/passwdstore/passwdstore.go:147.2,148.16 2 1
github.com/231tr0n/vault/pkg/passwdstore/passwdstore.go:148.16,150.3 1 0
github.com/231tr0n/vault/pkg/passwdstore/passwdstore.go:152.2,152.12 1 1
github.com/231tr0n/vault/pkg/passwdstore/passwdstore.go:156.46,158.16 2 1
github.com/231tr0n/vault/pkg/passwdstore/passwdstore.go:158.16,160.3 1 0
github.com/231tr0n/vault/pkg/passwdstore/passwdstore.go:162.2,164.19 2 1
github.com/231tr0n/vault/pkg/passwdstore/passwdstore.go:168.39,170.16 2 1
github.com/231tr0n/vault/pkg/passwdstore/passwdstore.go:170.16,172.3 1 0
github.com/231tr0n/vault/pkg/passwdstore/passwdstore.go:174.2,177.16 3 1
github.com/231tr0n/vault/pkg/passwdstore/passwdstore.go:177.16,179.3 1 0
github.com/231tr0n/vault/pkg/passwdstore/passwdstore.go:181.2,181.12 1 1
github.com/231tr0n/vault/pkg/passwdstore/passwdstore.go:185.39,187.16 2 1
github.com/231tr0n/vault/pkg/passwdstore/passwdstore.go:187.16,189.3 1 0
github.com/231tr0n/vault/pkg/passwdstore/passwdstore.go:191.2,192.29 2 1
github.com/231tr0n/vault/pkg/passwdstore/passwdstore.go:192.29,194.3 1 1
github.com/231tr0n/vault/pkg/passwdstore/passwdstore.go:196.2,196.18 1 1
github.com/231tr0n/vault/pkg/passwdstore/passwdstore.go:200.39,202.16 2 1
github.com/231tr0n/vault/pkg/passwdstore/passwdstore.go:202.16,204.3 1 0
github.com/231tr0n/vault/pkg/passwdstore/passwdstore.go:206.2,209.16 3 1
github.com/231tr0n/vault/pkg/passwdstore/passwdstore.go:209.16,211.3 1 0
github.com/231tr0n/vault/pkg/passwdstore/passwdstore.go:213.2,213.12 1 1
github.com/231tr0n/vault/pkg/passwdstore/passwdstore.go:217.28,219.16 2 1
github.com/231tr0n/vault/pkg/passwdstore/passwdstore.go:219.16,221.3 1 0
github.com/231tr0n/vault/pkg/passwdstore/passwdstore.go:223.2,226.16 4 1
github.com/231tr0n/vault/pkg/passwdstore/passwdstore.go:226.16,228.3 1 0
github.com/231tr0n/vault/pkg/passwdstore/passwdstore.go:230.2,230.12 1 1
github.com/231tr0n/vault/pkg/passwdstore/passwdstore.go:234.40,236.16 2 1
github.com/231tr0n/vault/pkg/passwdstore/passwdstore.go:236.16,238.3 1 0
github.com/231tr0n/vault/pkg/passwdstore/passwdstore.go:240.2,241.16 2 1
github.com/231tr0n/vault/pkg/passwdstore/passwdstore.go:241.16,243.3 1 0
github.com/231tr0n/vault/pkg/passwdstore/passwdstore.go:245.2,245.12 1 1
